Requirement already satisfied: requests in ./.venv/lib/python3.13/site-packages (from -r /home/nmemmert/journey/journey-fm-playlist/requirements.txt (line 1)) (2.32.5)
Requirement already satisfied: beautifulsoup4 in ./.venv/lib/python3.13/site-packages (from -r /home/nmemmert/journey/journey-fm-playlist/requirements.txt (line 2)) (4.14.2)
Requirement already satisfied: plexapi in ./.venv/lib/python3.13/site-packages (from -r /home/nmemmert/journey/journey-fm-playlist/requirements.txt (line 3)) (4.17.1)
Requirement already satisfied: mutagen in ./.venv/lib/python3.13/site-packages (from -r /home/nmemmert/journey/journey-fm-playlist/requirements.txt (line 4)) (1.47.0)
Requirement already satisfied: selenium in ./.venv/lib/python3.13/site-packages (from -r /home/nmemmert/journey/journey-fm-playlist/requirements.txt (line 5)) (4.38.0)
Requirement already satisfied: webdriver-manager in ./.venv/lib/python3.13/site-packages (from -r /home/nmemmert/journey/journey-fm-playlist/requirements.txt (line 6)) (4.0.2)
Requirement already satisfied: PySide6 in ./.venv/lib/python3.13/site-packages (from -r /home/nmemmert/journey/journey-fm-playlist/requirements.txt (line 7)) (6.10.0)
Requirement already satisfied: charset_normalizer<4,>=2 in ./.venv/lib/python3.13/site-packages (from requests->-r /home/nmemmert/journey/journey-fm-playlist/requirements.txt (line 1)) (3.4.4)
Requirement already satisfied: idna<4,>=2.5 in ./.venv/lib/python3.13/site-packages (from requests->-r /home/nmemmert/journey/journey-fm-playlist/requirements.txt (line 1)) (3.11)
Requirement already satisfied: urllib3<3,>=1.21.1 in ./.venv/lib/python3.13/site-packages (from requests->-r /home/nmemmert/journey/journey-fm-playlist/requirements.txt (line 1)) (2.5.0)
Requirement already satisfied: certifi>=2017.4.17 in ./.venv/lib/python3.13/site-packages (from requests->-r /home/nmemmert/journey/journey-fm-playlist/requirements.txt (line 1)) (2025.11.12)
Requirement already satisfied: soupsieve>1.2 in ./.venv/lib/python3.13/site-packages (from beautifulsoup4->-r /home/nmemmert/journey/journey-fm-playlist/requirements.txt (line 2)) (2.8)
Requirement already satisfied: typing-extensions>=4.0.0 in ./.venv/lib/python3.13/site-packages (from beautifulsoup4->-r /home/nmemmert/journey/journey-fm-playlist/requirements.txt (line 2)) (4.15.0)
Requirement already satisfied: trio<1.0,>=0.31.0 in ./.venv/lib/python3.13/site-packages (from selenium->-r /home/nmemmert/journey/journey-fm-playlist/requirements.txt (line 5)) (0.32.0)
Requirement already satisfied: trio-websocket<1.0,>=0.12.2 in ./.venv/lib/python3.13/site-packages (from selenium->-r /home/nmemmert/journey/journey-fm-playlist/requirements.txt (line 5)) (0.12.2)
Requirement already satisfied: websocket-client<2.0,>=1.8.0 in ./.venv/lib/python3.13/site-packages (from selenium->-r /home/nmemmert/journey/journey-fm-playlist/requirements.txt (line 5)) (1.9.0)
Requirement already satisfied: attrs>=23.2.0 in ./.venv/lib/python3.13/site-packages (from trio<1.0,>=0.31.0->selenium->-r /home/nmemmert/journey/journey-fm-playlist/requirements.txt (line 5)) (25.4.0)
Requirement already satisfied: sortedcontainers in ./.venv/lib/python3.13/site-packages (from trio<1.0,>=0.31.0->selenium->-r /home/nmemmert/journey/journey-fm-playlist/requirements.txt (line 5)) (2.4.0)
Requirement already satisfied: outcome in ./.venv/lib/python3.13/site-packages (from trio<1.0,>=0.31.0->selenium->-r /home/nmemmert/journey/journey-fm-playlist/requirements.txt (line 5)) (1.3.0.post0)
Requirement already satisfied: sniffio>=1.3.0 in ./.venv/lib/python3.13/site-packages (from trio<1.0,>=0.31.0->selenium->-r /home/nmemmert/journey/journey-fm-playlist/requirements.txt (line 5)) (1.3.1)
Requirement already satisfied: wsproto>=0.14 in ./.venv/lib/python3.13/site-packages (from trio-websocket<1.0,>=0.12.2->selenium->-r /home/nmemmert/journey/journey-fm-playlist/requirements.txt (line 5)) (1.3.1)
Requirement already satisfied: pysocks!=1.5.7,<2.0,>=1.5.6 in ./.venv/lib/python3.13/site-packages (from urllib3[socks]<3.0,>=2.5.0->selenium->-r /home/nmemmert/journey/journey-fm-playlist/requirements.txt (line 5)) (1.7.1)
Requirement already satisfied: python-dotenv in ./.venv/lib/python3.13/site-packages (from webdriver-manager->-r /home/nmemmert/journey/journey-fm-playlist/requirements.txt (line 6)) (1.2.1)
Requirement already satisfied: packaging in ./.venv/lib/python3.13/site-packages (from webdriver-manager->-r /home/nmemmert/journey/journey-fm-playlist/requirements.txt (line 6)) (25.0)
Requirement already satisfied: shiboken6==6.10.0 in ./.venv/lib/python3.13/site-packages (from PySide6->-r /home/nmemmert/journey/journey-fm-playlist/requirements.txt (line 7)) (6.10.0)
Requirement already satisfied: PySide6_Essentials==6.10.0 in ./.venv/lib/python3.13/site-packages (from PySide6->-r /home/nmemmert/journey/journey-fm-playlist/requirements.txt (line 7)) (6.10.0)
Requirement already satisfied: PySide6_Addons==6.10.0 in ./.venv/lib/python3.13/site-packages (from PySide6->-r /home/nmemmert/journey/journey-fm-playlist/requirements.txt (line 7)) (6.10.0)
Requirement already satisfied: h11<1,>=0.16.0 in ./.venv/lib/python3.13/site-packages (from wsproto>=0.14->trio-websocket<1.0,>=0.12.2->selenium->-r /home/nmemmert/journey/journey-fm-playlist/requirements.txt (line 5)) (0.16.0)
